<?xml version="1.0" encoding="UTF-8"?>
<!-- Generated by org.testng.reporters.JUnitXMLReporter -->
<testsuite ignored="2" hostname="NAVEEN-PC" failures="0" tests="2" name="Default test" time="14.181" errors="0" timestamp="2025-05-18T00:41:03 IST">
  <testcase classname="api.test.UserTests3chatGPT" name="testPostUser" time="5.536"/>
  <testcase classname="api.test.UserTests3chatGPT" name="testGetUserByName" time="7.692"/>
  <testcase classname="api.test.UserTests3chatGPT" name="testDeleteUserByName" time="0.0">
    <ignored/>
  </testcase> <!-- testDeleteUserByName -->
  <testcase classname="api.test.UserTests3chatGPT" name="testUpdateUser" time="0.0">
    <ignored/>
  </testcase> <!-- testUpdateUser -->
</testsuite> <!-- Default test -->
