<?xml version="1.0" encoding="UTF-8"?>
<testng-results ignored="0" total="4" passed="4" failed="0" skipped="0">
  <reporter-output>
  </reporter-output>
  <suite started-at="2025-05-18T16:22:13 IST" name="PetSuite" finished-at="2025-05-18T16:22:29 IST" duration-ms="16055">
    <groups>
    </groups>
    <test started-at="2025-05-18T16:22:13 IST" name="PetTest" finished-at="2025-05-18T16:22:29 IST" duration-ms="16055">
      <class name="api.test.UserTests3chatGPT">
        <test-method is-config="true" signature="setup()[pri:0, instance:api.test.UserTests3chatGPT@38d8f54a]" started-at="2025-05-18T16:22:13 IST" name="setup" finished-at="2025-05-18T16:22:14 IST" duration-ms="832" status="PASS">
          <reporter-output>
          </reporter-output>
        </test-method> <!-- setup -->
        <test-method signature="testPostUser()[pri:1, instance:api.test.UserTests3chatGPT@38d8f54a]" started-at="2025-05-18T16:22:14 IST" name="testPostUser" finished-at="2025-05-18T16:22:18 IST" duration-ms="3984" status="PASS">
          <reporter-output>
          </reporter-output>
        </test-method> <!-- testPostUser -->
        <test-method signature="testGetUserByName()[pri:2, instance:api.test.UserTests3chatGPT@38d8f54a]" started-at="2025-05-18T16:22:18 IST" name="testGetUserByName" finished-at="2025-05-18T16:22:20 IST" depends-on-methods="api.test.UserTests3chatGPT.testPostUser" duration-ms="1666" status="PASS">
          <reporter-output>
          </reporter-output>
        </test-method> <!-- testGetUserByName -->
        <test-method signature="testUpdateUser()[pri:3, instance:api.test.UserTests3chatGPT@38d8f54a]" started-at="2025-05-18T16:22:20 IST" name="testUpdateUser" finished-at="2025-05-18T16:22:24 IST" depends-on-methods="api.test.UserTests3chatGPT.testGetUserByName" duration-ms="4235" status="PASS">
          <reporter-output>
          </reporter-output>
        </test-method> <!-- testUpdateUser -->
        <test-method signature="testDeleteUserByName()[pri:4, instance:api.test.UserTests3chatGPT@38d8f54a]" started-at="2025-05-18T16:22:24 IST" name="testDeleteUserByName" finished-at="2025-05-18T16:22:29 IST" depends-on-methods="api.test.UserTests3chatGPT.testUpdateUser" duration-ms="4993" status="PASS">
          <reporter-output>
          </reporter-output>
        </test-method> <!-- testDeleteUserByName -->
      </class> <!-- api.test.UserTests3chatGPT -->
    </test> <!-- PetTest -->
  </suite> <!-- PetSuite -->
</testng-results>
