<?xml version="1.0" encoding="UTF-8"?>
<testng-results ignored="2" total="4" passed="2" failed="0" skipped="0">
  <reporter-output>
  </reporter-output>
  <suite started-at="2025-05-18T00:40:49 IST" name="Default suite" finished-at="2025-05-18T00:41:03 IST" duration-ms="14181">
    <groups>
    </groups>
    <test started-at="2025-05-18T00:40:49 IST" name="Default test" finished-at="2025-05-18T00:41:03 IST" duration-ms="14181">
      <class name="api.test.UserTests3chatGPT">
        <test-method is-config="true" signature="setup()[pri:0, instance:api.test.UserTests3chatGPT@1a72a540]" started-at="2025-05-18T00:40:49 IST" name="setup" finished-at="2025-05-18T00:40:50 IST" duration-ms="869" status="PASS">
          <reporter-output>
          </reporter-output>
        </test-method> <!-- setup -->
        <test-method signature="testPostUser()[pri:1, instance:api.test.UserTests3chatGPT@1a72a540]" started-at="2025-05-18T00:40:50 IST" name="testPostUser" finished-at="2025-05-18T00:40:55 IST" duration-ms="5536" status="PASS">
          <reporter-output>
          </reporter-output>
        </test-method> <!-- testPostUser -->
        <test-method signature="testGetUserByName()[pri:2, instance:api.test.UserTests3chatGPT@1a72a540]" started-at="2025-05-18T00:40:55 IST" name="testGetUserByName" finished-at="2025-05-18T00:41:03 IST" depends-on-methods="api.test.UserTests3chatGPT.testPostUser" duration-ms="7692" status="PASS">
          <reporter-output>
          </reporter-output>
        </test-method> <!-- testGetUserByName -->
      </class> <!-- api.test.UserTests3chatGPT -->
    </test> <!-- Default test -->
  </suite> <!-- Default suite -->
</testng-results>
