<?xml version="1.0" encoding="UTF-8"?>
<!-- Generated by org.testng.reporters.JUnitXMLReporter -->
<testsuite ignored="0" hostname="NAVEEN-PC" failures="0" tests="4" name="PetTest" time="16.055" errors="0" timestamp="2025-05-18T16:22:30 IST">
  <testcase classname="api.test.UserTests3chatGPT" name="testPostUser" time="3.984"/>
  <testcase classname="api.test.UserTests3chatGPT" name="testGetUserByName" time="1.666"/>
  <testcase classname="api.test.UserTests3chatGPT" name="testUpdateUser" time="4.235"/>
  <testcase classname="api.test.UserTests3chatGPT" name="testDeleteUserByName" time="4.993"/>
</testsuite> <!-- PetTest -->
