<?xml version="1.0" encoding="UTF-8"?>
<!-- Generated by org.testng.reporters.JUnitXMLReporter -->
<testsuite ignored="0" hostname="NAVEEN-PC" failures="0" tests="4" name="PetTest" time="15.737" errors="0" timestamp="2025-05-17T21:33:25 IST">
  <testcase classname="api.test.UserTests2" name="testPostUser" time="4.688"/>
  <testcase classname="api.test.UserTests2" name="testGetUserbyName" time="3.052"/>
  <testcase classname="api.test.UserTests2" name="testUpdateuser" time="4.269"/>
  <testcase classname="api.test.UserTests2" name="testDeleteUserbyName" time="2.446"/>
</testsuite> <!-- PetTest -->
